0 info it worked if it ends with ok
1 verbose cli [ 'D:\\nodejs\\node.exe',
1 verbose cli   'D:\\nodejs\\node_modules\\npm\\bin\\npm-cli.js',
1 verbose cli   'run',
1 verbose cli   'that' ]
2 info using npm@2.14.4
3 info using node@v4.1.2
4 verbose run-script [ 'prethat', 'that', 'postthat' ]
5 info prethat blogfile@1.0.0
6 info that blogfile@1.0.0
7 verbose unsafe-perm in lifecycle true
8 info blogfile@1.0.0 Failed to exec that script
9 verbose stack Error: blogfile@1.0.0 that: `nodemon server.js`
9 verbose stack Exit status 1
9 verbose stack     at EventEmitter.<anonymous> (D:\nvm\v4.1.2\node_modules\npm\lib\utils\lifecycle.js:214:16)
9 verbose stack     at emitTwo (events.js:87:13)
9 verbose stack     at EventEmitter.emit (events.js:172:7)
9 verbose stack     at ChildProcess.<anonymous> (D:\nvm\v4.1.2\node_modules\npm\lib\utils\spawn.js:24:14)
9 verbose stack     at emitTwo (events.js:87:13)
9 verbose stack     at ChildProcess.emit (events.js:172:7)
9 verbose stack     at maybeClose (internal/child_process.js:818:16)
9 verbose stack     at Process.ChildProcess._handle.onexit (internal/child_process.js:211:5)
10 verbose pkgid blogfile@1.0.0
11 verbose cwd D:\Codefile\blogFile
12 error Windows_NT 10.0.22621
13 error argv "D:\\nodejs\\node.exe" "D:\\nodejs\\node_modules\\npm\\bin\\npm-cli.js" "run" "that"
14 error node v4.1.2
15 error npm  v2.14.4
16 error code ELIFECYCLE
17 error blogfile@1.0.0 that: `nodemon server.js`
17 error Exit status 1
18 error Failed at the blogfile@1.0.0 that script 'nodemon server.js'.
18 error This is most likely a problem with the blogfile package,
18 error not with npm itself.
18 error Tell the author that this fails on your system:
18 error     nodemon server.js
18 error You can get their info via:
18 error     npm owner ls blogfile
18 error There is likely additional logging output above.
19 verbose exit [ 1, true ]
